D:\STUDY\SYSTEMC\GITHUB_SYSTEMC\LAB2\STATEMASHINE\DEBUG\STATEMASHINE.OBJ
D:\STUDY\SYSTEMC\GITHUB_SYSTEMC\LAB2\STATEMASHINE\DEBUG\TESTBENCH.OBJ
D:\STUDY\SYSTEMC\GITHUB_SYSTEMC\LAB2\STATEMASHINE\DEBUG\VC110.PDB
D:\STUDY\SYSTEMC\GITHUB_SYSTEMC\LAB2\STATEMASHINE\DEBUG\STATEMASHINE.ILK
D:\STUDY\SYSTEMC\GITHUB_SYSTEMC\LAB2\STATEMASHINE\DEBUG\STATEMASHINE.EXE
D:\STUDY\SYSTEMC\GITHUB_SYSTEMC\LAB2\STATEMASHINE\DEBUG\STATEMASHINE.PDB
D:\Study\SystemC\GitHub_SystemC\lab2\statemashine\Debug\statemashine.obj
D:\Study\SystemC\GitHub_SystemC\lab2\statemashine\Debug\testbench.obj
D:\Study\SystemC\GitHub_SystemC\lab2\statemashine\Debug\statemashine.ilk
D:\Study\SystemC\GitHub_SystemC\lab2\statemashine\Debug\cl.command.1.tlog
D:\Study\SystemC\GitHub_SystemC\lab2\statemashine\Debug\CL.read.1.tlog
D:\Study\SystemC\GitHub_SystemC\lab2\statemashine\Debug\CL.write.1.tlog
D:\Study\SystemC\GitHub_SystemC\lab2\statemashine\Debug\link-cvtres.read.1.tlog
D:\Study\SystemC\GitHub_SystemC\lab2\statemashine\Debug\link-cvtres.write.1.tlog
D:\Study\SystemC\GitHub_SystemC\lab2\statemashine\Debug\link-rc.read.1.tlog
D:\Study\SystemC\GitHub_SystemC\lab2\statemashine\Debug\link-rc.write.1.tlog
D:\Study\SystemC\GitHub_SystemC\lab2\statemashine\Debug\link.command.1.tlog
D:\Study\SystemC\GitHub_SystemC\lab2\statemashine\Debug\link.read.1.tlog
D:\Study\SystemC\GitHub_SystemC\lab2\statemashine\Debug\link.write.1.tlog
D:\Study\SystemC\GitHub_SystemC\lab2\statemashine\Debug\vc110.idb
D:\Study\SystemC\GitHub_SystemC\lab2\statemashine\Debug\statemashine.pdb
D:\Study\SystemC\GitHub_SystemC\lab2\statemashine\Debug\vc110.pdb
D:\Study\SystemC\GitHub_SystemC\lab2\statemashine\Debug\statemashine.exe
