Build started 07.04.2017 11:55:05.
     1>Project "D:\Study\SystemC\GitHub_SystemC\lab3\FIFO_3\FIFO_3.vcxproj" on node 2 (Build target(s)).
     1>ClCompile:
         C:\Program Files (x86)\Microsoft Visual Studio 11.0\VC\bin\CL.exe /c /ZI /nologo /W3 /WX- /Od /Oy- /D WIN32 /D _DEBUG /D _CONSOLE /D _UNICODE /D UNICODE /Gm /EHsc /RTC1 /MTd /GS /fp:precise /Zc:wchar_t /Zc:forScope /Fo"Debug\\" /Fd"Debug\vc110.pdb" /Gd /TP /analyze- /errorReport:prompt /vmg testbench.cpp
         testbench.cpp
     1>d:\study\systemc\systemc-2.3.1a\src\sysc\datatypes\int\sc_nbutils.h(151): warning C4996: 'sprintf': This function or variable may be unsafe. Consider using sprintf_s instead. To disable deprecation, use _CRT_SECURE_NO_WARNINGS. See online help for details.
                 c:\program files (x86)\microsoft visual studio 11.0\vc\include\stdio.h(357) : see declaration of 'sprintf'
     1>d:\study\systemc\github_systemc\lab3\fifo_3\fifoparam.h(75): warning C4244: 'argument' : conversion from 'sc_dt::uint_type' to 'int', possible loss of data
                 d:\study\systemc\github_systemc\lab3\fifo_3\fifoparam.h(67) : while compiling class template member function 'void FIFOParam<T>::write_FIFO(void)'
                 with
                 [
                     T=char
                 ]
                 d:\study\systemc\github_systemc\lab3\fifo_3\fifoparam.h(56) : see reference to function template instantiation 'void FIFOParam<T>::write_FIFO(void)' being compiled
                 with
                 [
                     T=char
                 ]
                 d:\study\systemc\github_systemc\lab3\fifo_3\fifoparamextended.h(4) : see reference to class template instantiation 'FIFOParam<T>' being compiled
                 with
                 [
                     T=char
                 ]
                 d:\study\systemc\github_systemc\lab3\fifo_3\testbench.cpp(25) : see reference to class template instantiation 'FIFOParamExtended<T>' being compiled
                 with
                 [
                     T=char
                 ]
     1>d:\study\systemc\github_systemc\lab3\fifo_3\fifoparam.h(78): warning C4244: 'initializing' : conversion from 'sc_dt::uint_type' to 'int', possible loss of data
     1>d:\study\systemc\github_systemc\lab3\fifo_3\fifoparam.h(94): warning C4553: '==' : operator has no effect; did you intend '='?
                 d:\study\systemc\github_systemc\lab3\fifo_3\fifoparam.h(92) : while compiling class template member function 'void FIFOParam<T>::read_FIFO(void)'
                 with
                 [
                     T=char
                 ]
                 d:\study\systemc\github_systemc\lab3\fifo_3\fifoparam.h(59) : see reference to function template instantiation 'void FIFOParam<T>::read_FIFO(void)' being compiled
                 with
                 [
                     T=char
                 ]
     1>d:\study\systemc\github_systemc\lab3\fifo_3\fifoparam.h(99): warning C4244: 'argument' : conversion from 'sc_dt::uint_type' to 'int', possible loss of data
     1>d:\study\systemc\github_systemc\lab3\fifo_3\fifoparam.h(100): warning C4244: 'argument' : conversion from 'sc_dt::uint_type' to 'int', possible loss of data
     1>d:\study\systemc\github_systemc\lab3\fifo_3\fifoparam.h(103): warning C4244: 'initializing' : conversion from 'sc_dt::uint_type' to 'int', possible loss of data
       Link:
         C:\Program Files (x86)\Microsoft Visual Studio 11.0\VC\bin\link.exe /ERRORREPORT:PROMPT /OUT:"D:\Study\SystemC\GitHub_SystemC\lab3\FIFO_3\Debug\FIFO_3.exe" /INCREMENTAL /NOLOGO SystemC.lib kernel32.lib user32.lib gdi32.lib winspool.lib comdlg32.lib advapi32.lib shell32.lib ole32.lib oleaut32.lib uuid.lib odbc32.lib odbccp32.lib /MANIFEST /MANIFESTUAC:"level='asInvoker' uiAccess='false'" /manifest:embed /DEBUG /PDB:"D:\Study\SystemC\GitHub_SystemC\lab3\FIFO_3\Debug\FIFO_3.pdb" /SUBSYSTEM:CONSOLE /TLBID:1 /DYNAMICBASE /NXCOMPAT /IMPLIB:"D:\Study\SystemC\GitHub_SystemC\lab3\FIFO_3\Debug\FIFO_3.lib" /MACHINE:X86 Debug\testbench.obj
         FIFO_3.vcxproj -> D:\Study\SystemC\GitHub_SystemC\lab3\FIFO_3\Debug\FIFO_3.exe
     1>Done Building Project "D:\Study\SystemC\GitHub_SystemC\lab3\FIFO_3\FIFO_3.vcxproj" (Build target(s)).

Build succeeded.

Time Elapsed 00:00:04.12
