D:\STUDY\SYSTEMC\GITHUB_SYSTEMC\LAB3\FIFO_1\DEBUG\FIFO.OBJ
D:\STUDY\SYSTEMC\GITHUB_SYSTEMC\LAB3\FIFO_1\DEBUG\VC110.PDB
D:\STUDY\SYSTEMC\GITHUB_SYSTEMC\LAB3\FIFO_1\DEBUG\FIFO_1.ILK
D:\STUDY\SYSTEMC\GITHUB_SYSTEMC\LAB3\FIFO_1\DEBUG\FIFO_1.EXE
D:\STUDY\SYSTEMC\GITHUB_SYSTEMC\LAB3\FIFO_1\DEBUG\FIFO_1.PDB
D:\Study\SystemC\GitHub_SystemC\lab3\FIFO_1\Debug\FIFO_1.ilk
D:\Study\SystemC\GitHub_SystemC\lab3\FIFO_1\Debug\cl.command.1.tlog
D:\Study\SystemC\GitHub_SystemC\lab3\FIFO_1\Debug\CL.read.1.tlog
D:\Study\SystemC\GitHub_SystemC\lab3\FIFO_1\Debug\CL.write.1.tlog
D:\Study\SystemC\GitHub_SystemC\lab3\FIFO_1\Debug\link-cvtres.read.1.tlog
D:\Study\SystemC\GitHub_SystemC\lab3\FIFO_1\Debug\link-cvtres.write.1.tlog
D:\Study\SystemC\GitHub_SystemC\lab3\FIFO_1\Debug\link-rc.read.1.tlog
D:\Study\SystemC\GitHub_SystemC\lab3\FIFO_1\Debug\link-rc.write.1.tlog
D:\Study\SystemC\GitHub_SystemC\lab3\FIFO_1\Debug\link.1104-cvtres.read.1.tlog
D:\Study\SystemC\GitHub_SystemC\lab3\FIFO_1\Debug\link.1104-cvtres.write.1.tlog
D:\Study\SystemC\GitHub_SystemC\lab3\FIFO_1\Debug\link.1104-rc.read.1.tlog
D:\Study\SystemC\GitHub_SystemC\lab3\FIFO_1\Debug\link.1104-rc.write.1.tlog
D:\Study\SystemC\GitHub_SystemC\lab3\FIFO_1\Debug\link.1104.read.1.tlog
D:\Study\SystemC\GitHub_SystemC\lab3\FIFO_1\Debug\link.1104.write.1.tlog
D:\Study\SystemC\GitHub_SystemC\lab3\FIFO_1\Debug\link.1772-cvtres.read.1.tlog
D:\Study\SystemC\GitHub_SystemC\lab3\FIFO_1\Debug\link.1772-cvtres.write.1.tlog
D:\Study\SystemC\GitHub_SystemC\lab3\FIFO_1\Debug\link.1772-rc.read.1.tlog
D:\Study\SystemC\GitHub_SystemC\lab3\FIFO_1\Debug\link.1772-rc.write.1.tlog
D:\Study\SystemC\GitHub_SystemC\lab3\FIFO_1\Debug\link.1772.read.1.tlog
D:\Study\SystemC\GitHub_SystemC\lab3\FIFO_1\Debug\link.1772.write.1.tlog
D:\Study\SystemC\GitHub_SystemC\lab3\FIFO_1\Debug\link.1816-cvtres.read.1.tlog
D:\Study\SystemC\GitHub_SystemC\lab3\FIFO_1\Debug\link.1816-cvtres.write.1.tlog
D:\Study\SystemC\GitHub_SystemC\lab3\FIFO_1\Debug\link.1816-rc.read.1.tlog
D:\Study\SystemC\GitHub_SystemC\lab3\FIFO_1\Debug\link.1816-rc.write.1.tlog
D:\Study\SystemC\GitHub_SystemC\lab3\FIFO_1\Debug\link.1816.read.1.tlog
D:\Study\SystemC\GitHub_SystemC\lab3\FIFO_1\Debug\link.1816.write.1.tlog
D:\Study\SystemC\GitHub_SystemC\lab3\FIFO_1\Debug\link.4600-cvtres.read.1.tlog
D:\Study\SystemC\GitHub_SystemC\lab3\FIFO_1\Debug\link.4600-cvtres.write.1.tlog
D:\Study\SystemC\GitHub_SystemC\lab3\FIFO_1\Debug\link.4600-rc.read.1.tlog
D:\Study\SystemC\GitHub_SystemC\lab3\FIFO_1\Debug\link.4600-rc.write.1.tlog
D:\Study\SystemC\GitHub_SystemC\lab3\FIFO_1\Debug\link.4600.read.1.tlog
D:\Study\SystemC\GitHub_SystemC\lab3\FIFO_1\Debug\link.4600.write.1.tlog
D:\Study\SystemC\GitHub_SystemC\lab3\FIFO_1\Debug\link.4924-cvtres.read.1.tlog
D:\Study\SystemC\GitHub_SystemC\lab3\FIFO_1\Debug\link.4924-cvtres.write.1.tlog
D:\Study\SystemC\GitHub_SystemC\lab3\FIFO_1\Debug\link.4924-rc.read.1.tlog
D:\Study\SystemC\GitHub_SystemC\lab3\FIFO_1\Debug\link.4924-rc.write.1.tlog
D:\Study\SystemC\GitHub_SystemC\lab3\FIFO_1\Debug\link.4924.read.1.tlog
D:\Study\SystemC\GitHub_SystemC\lab3\FIFO_1\Debug\link.4924.write.1.tlog
D:\Study\SystemC\GitHub_SystemC\lab3\FIFO_1\Debug\link.6828-cvtres.read.1.tlog
D:\Study\SystemC\GitHub_SystemC\lab3\FIFO_1\Debug\link.6828-cvtres.write.1.tlog
D:\Study\SystemC\GitHub_SystemC\lab3\FIFO_1\Debug\link.6828-rc.read.1.tlog
D:\Study\SystemC\GitHub_SystemC\lab3\FIFO_1\Debug\link.6828-rc.write.1.tlog
D:\Study\SystemC\GitHub_SystemC\lab3\FIFO_1\Debug\link.6828.read.1.tlog
D:\Study\SystemC\GitHub_SystemC\lab3\FIFO_1\Debug\link.6828.write.1.tlog
D:\Study\SystemC\GitHub_SystemC\lab3\FIFO_1\Debug\link.7856-cvtres.read.1.tlog
D:\Study\SystemC\GitHub_SystemC\lab3\FIFO_1\Debug\link.7856-cvtres.write.1.tlog
D:\Study\SystemC\GitHub_SystemC\lab3\FIFO_1\Debug\link.7856-rc.read.1.tlog
D:\Study\SystemC\GitHub_SystemC\lab3\FIFO_1\Debug\link.7856-rc.write.1.tlog
D:\Study\SystemC\GitHub_SystemC\lab3\FIFO_1\Debug\link.7856.read.1.tlog
D:\Study\SystemC\GitHub_SystemC\lab3\FIFO_1\Debug\link.7856.write.1.tlog
D:\Study\SystemC\GitHub_SystemC\lab3\FIFO_1\Debug\link.command.1.tlog
D:\Study\SystemC\GitHub_SystemC\lab3\FIFO_1\Debug\link.read.1.tlog
D:\Study\SystemC\GitHub_SystemC\lab3\FIFO_1\Debug\link.write.1.tlog
D:\Study\SystemC\GitHub_SystemC\lab3\FIFO_1\Debug\vc110.idb
D:\Study\SystemC\GitHub_SystemC\lab3\FIFO_1\Debug\FIFO_1.pdb
D:\Study\SystemC\GitHub_SystemC\lab3\FIFO_1\Debug\vc110.pdb
D:\Study\SystemC\GitHub_SystemC\lab3\FIFO_1\Debug\FIFO_1.exe
